<?xml version="1.0" encoding="UTF-8"?>
<testsuite name="com.example.tienda.GameServiceMockTest" tests="1" skipped="0" failures="0" errors="0" timestamp="2021-02-08T19:27:47" hostname="interedes-068" time="0.156">
  <properties/>
  <testcase name="whenValidUpdateStock_ThenReturnNewStock()" classname="com.example.tienda.GameServiceMockTest" time="0.156"/>
  <system-out><![CDATA[14:27:42.741 [Test worker] DEBUG org.springframework.test.context.BootstrapUtils - Instantiating CacheAwareContextLoaderDelegate from class [org.springframework.test.context.cache.DefaultCacheAwareContextLoaderDelegate]
14:27:42.752 [Test worker] DEBUG org.springframework.test.context.BootstrapUtils - Instantiating BootstrapContext using constructor [public org.springframework.test.context.support.DefaultBootstrapContext(java.lang.Class,org.springframework.test.context.CacheAwareContextLoaderDelegate)]
14:27:42.778 [Test worker] DEBUG org.springframework.test.context.BootstrapUtils - Instantiating TestContextBootstrapper for test class [com.example.tienda.GameServiceMockTest] from class [org.springframework.boot.test.context.SpringBootTestContextBootstrapper]
14:27:42.787 [Test worker] INFO org.springframework.boot.test.context.SpringBootTestContextBootstrapper - Neither @ContextConfiguration nor @ContextHierarchy found for test class [com.example.tienda.GameServiceMockTest], using SpringBootContextLoader
14:27:42.792 [Test worker] DEBUG org.springframework.test.context.support.AbstractContextLoader - Did not detect default resource location for test class [com.example.tienda.GameServiceMockTest]: class path resource [com/example/tienda/GameServiceMockTest-context.xml] does not exist
14:27:42.793 [Test worker] DEBUG org.springframework.test.context.support.AbstractContextLoader - Did not detect default resource location for test class [com.example.tienda.GameServiceMockTest]: class path resource [com/example/tienda/GameServiceMockTestContext.groovy] does not exist
14:27:42.793 [Test worker] INFO org.springframework.test.context.support.AbstractContextLoader - Could not detect default resource locations for test class [com.example.tienda.GameServiceMockTest]: no resource found for suffixes {-context.xml, Context.groovy}.
14:27:42.794 [Test worker] INFO org.springframework.test.context.support.AnnotationConfigContextLoaderUtils - Could not detect default configuration classes for test class [com.example.tienda.GameServiceMockTest]: GameServiceMockTest does not declare any static, non-private, non-final, nested classes annotated with @Configuration.
14:27:42.855 [Test worker] DEBUG org.springframework.test.context.support.ActiveProfilesUtils - Could not find an 'annotation declaring class' for annotation type [org.springframework.test.context.ActiveProfiles] and class [com.example.tienda.GameServiceMockTest]
14:27:42.955 [Test worker] DEBUG org.springframework.context.annotation.ClassPathScanningCandidateComponentProvider - Identified candidate component class: file [/home/interedes-068/tienda/build/classes/java/main/com/example/tienda/TiendaApplication.class]
14:27:42.956 [Test worker] INFO org.springframework.boot.test.context.SpringBootTestContextBootstrapper - Found @SpringBootConfiguration com.example.tienda.TiendaApplication for test class com.example.tienda.GameServiceMockTest
14:27:43.051 [Test worker] DEBUG org.springframework.boot.test.context.SpringBootTestContextBootstrapper - @TestExecutionListeners is not present for class [com.example.tienda.GameServiceMockTest]: using defaults.
14:27:43.052 [Test worker] INFO org.springframework.boot.test.context.SpringBootTestContextBootstrapper - Loaded default TestExecutionListener class names from location [META-INF/spring.factories]: [org.springframework.boot.test.autoconfigure.restdocs.RestDocsTestExecutionListener, org.springframework.boot.test.autoconfigure.web.client.MockRestServiceServerResetTestExecutionListener, org.springframework.boot.test.autoconfigure.web.servlet.MockMvcPrintOnlyOnFailureTestExecutionListener, org.springframework.boot.test.autoconfigure.web.servlet.WebDriverTestExecutionListener, org.springframework.boot.test.autoconfigure.webservices.client.MockWebServiceServerTestExecutionListener, org.springframework.boot.test.mock.mockito.MockitoTestExecutionListener, org.springframework.boot.test.mock.mockito.ResetMocksTestExecutionListener, org.springframework.test.context.web.ServletTestExecutionListener, org.springframework.test.context.support.DirtiesContextBeforeModesTestExecutionListener, org.springframework.test.context.event.ApplicationEventsTestExecutionListener, org.springframework.test.context.support.DependencyInjectionTestExecutionListener, org.springframework.test.context.support.DirtiesContextTestExecutionListener, org.springframework.test.context.transaction.TransactionalTestExecutionListener, org.springframework.test.context.jdbc.SqlScriptsTestExecutionListener, org.springframework.test.context.event.EventPublishingTestExecutionListener]
14:27:43.065 [Test worker] INFO org.springframework.boot.test.context.SpringBootTestContextBootstrapper - Using TestExecutionListeners: [org.springframework.test.context.web.ServletTestExecutionListener@28d07762, org.springframework.test.context.support.DirtiesContextBeforeModesTestExecutionListener@5527e7a3, org.springframework.test.context.event.ApplicationEventsTestExecutionListener@1598ebd4, org.springframework.boot.test.mock.mockito.MockitoTestExecutionListener@4779f1b6, org.springframework.boot.test.autoconfigure.SpringBootDependencyInjectionTestExecutionListener@6c39f55c, org.springframework.test.context.support.DirtiesContextTestExecutionListener@6491d87, org.springframework.test.context.transaction.TransactionalTestExecutionListener@545d90d1, org.springframework.test.context.jdbc.SqlScriptsTestExecutionListener@5c213fad, org.springframework.test.context.event.EventPublishingTestExecutionListener@7f11b260, org.springframework.boot.test.autoconfigure.restdocs.RestDocsTestExecutionListener@31fa2d20, org.springframework.boot.test.autoconfigure.web.client.MockRestServiceServerResetTestExecutionListener@919f8d6, org.springframework.boot.test.autoconfigure.web.servlet.MockMvcPrintOnlyOnFailureTestExecutionListener@5c90620f, org.springframework.boot.test.autoconfigure.web.servlet.WebDriverTestExecutionListener@2e60494f, org.springframework.boot.test.autoconfigure.webservices.client.MockWebServiceServerTestExecutionListener@4e93e28e, org.springframework.boot.test.mock.mockito.ResetMocksTestExecutionListener@80a6cc2]
14:27:43.067 [Test worker] DEBUG org.springframework.test.context.support.AbstractDirtiesContextTestExecutionListener - Before test class: context [DefaultTestContext@2fa3a711 testClass = GameServiceMockTest, testInstance = [null], testMethod = [null], testException = [null], mergedContextConfiguration = [WebMergedContextConfiguration@204d6f7f testClass = GameServiceMockTest, locations = '{}', classes = '{class com.example.tienda.TiendaApplication}', contextInitializerClasses = '[]', activeProfiles = '{}', propertySourceLocations = '{}', propertySourceProperties = '{org.springframework.boot.test.context.SpringBootTestContextBootstrapper=true}', contextCustomizers = set[org.springframework.boot.test.autoconfigure.actuate.metrics.MetricsExportContextCustomizerFactory$DisableMetricExportContextCustomizer@5848e659, org.springframework.boot.test.autoconfigure.properties.PropertyMappingContextCustomizer@0, org.springframework.boot.test.autoconfigure.web.servlet.WebDriverContextCustomizerFactory$Customizer@78acc23f, org.springframework.boot.test.context.filter.ExcludeFilterContextCustomizer@1cbfc6c8, org.springframework.boot.test.json.DuplicateJsonObjectContextCustomizerFactory$DuplicateJsonObjectContextCustomizer@1159ee0a, org.springframework.boot.test.mock.mockito.MockitoContextCustomizer@0, org.springframework.boot.test.web.client.TestRestTemplateContextCustomizer@48fd15b8, org.springframework.boot.test.context.SpringBootTestArgs@1, org.springframework.boot.test.context.SpringBootTestWebEnvironment@442fbb05], resourceBasePath = 'src/main/webapp', contextLoader = 'org.springframework.boot.test.context.SpringBootContextLoader', parent = [null]], attributes = map['org.springframework.test.context.web.ServletTestExecutionListener.activateListener' -> true]], class annotated with @DirtiesContext [false] with mode [null].
14:27:43.093 [Test worker] DEBUG org.springframework.test.context.support.TestPropertySourceUtils - Adding inlined properties to environment: {spring.jmx.enabled=false, org.springframework.boot.test.context.SpringBootTestContextBootstrapper=true}

  .   ____          _            __ _ _
 /\\ / ___'_ __ _ _(_)_ __  __ _ \ \ \ \
( ( )\___ | '_ | '_| | '_ \/ _` | \ \ \ \
 \\/  ___)| |_)| | | | | || (_| |  ) ) ) )
  '  |____| .__|_| |_|_| |_\__, | / / / /
 =========|_|==============|___/=/_/_/_/
 :: Spring Boot ::                (v2.4.2)

2021-02-08 14:27:43.355  INFO 32359 --- [    Test worker] com.example.tienda.GameServiceMockTest   : Starting GameServiceMockTest using Java 11.0.9.1 on interedes-068 with PID 32359 (started by interedes-068 in /home/interedes-068/tienda)
2021-02-08 14:27:43.360  INFO 32359 --- [    Test worker] com.example.tienda.GameServiceMockTest   : No active profile set, falling back to default profiles: default
2021-02-08 14:27:44.080  INFO 32359 --- [    Test worker] .s.d.r.c.RepositoryConfigurationDelegate : Bootstrapping Spring Data JPA repositories in DEFAULT mode.
2021-02-08 14:27:44.139  INFO 32359 --- [    Test worker] .s.d.r.c.RepositoryConfigurationDelegate : Finished Spring Data repository scanning in 48 ms. Found 1 JPA repository interfaces.
2021-02-08 14:27:44.752  INFO 32359 --- [    Test worker] com.zaxxer.hikari.HikariDataSource       : HikariPool-1 - Starting...
2021-02-08 14:27:45.052  INFO 32359 --- [    Test worker] com.zaxxer.hikari.HikariDataSource       : HikariPool-1 - Start completed.
2021-02-08 14:27:45.178  INFO 32359 --- [    Test worker] o.hibernate.jpa.internal.util.LogHelper  : HHH000204: Processing PersistenceUnitInfo [name: default]
2021-02-08 14:27:45.249  INFO 32359 --- [    Test worker] org.hibernate.Version                    : HHH000412: Hibernate ORM core version 5.4.27.Final
2021-02-08 14:27:45.408  INFO 32359 --- [    Test worker] o.hibernate.annotations.common.Version   : HCANN000001: Hibernate Commons Annotations {5.1.2.Final}
2021-02-08 14:27:45.546  INFO 32359 --- [    Test worker] org.hibernate.dialect.Dialect            : HHH000400: Using dialect: org.hibernate.dialect.PostgreSQL10Dialect
2021-02-08 14:27:46.185  INFO 32359 --- [    Test worker] o.h.e.t.j.p.i.JtaPlatformInitiator       : HHH000490: Using JtaPlatform implementation: [org.hibernate.engine.transaction.jta.platform.internal.NoJtaPlatform]
2021-02-08 14:27:46.196  INFO 32359 --- [    Test worker] j.LocalContainerEntityManagerFactoryBean : Initialized JPA EntityManagerFactory for persistence unit 'default'
2021-02-08 14:27:46.868  WARN 32359 --- [    Test worker] JpaBaseConfiguration$JpaWebConfiguration : spring.jpa.open-in-view is enabled by default. Therefore, database queries may be performed during view rendering. Explicitly configure spring.jpa.open-in-view to disable this warning
2021-02-08 14:27:47.101  INFO 32359 --- [    Test worker] o.s.s.concurrent.ThreadPoolTaskExecutor  : Initializing ExecutorService 'applicationTaskExecutor'
2021-02-08 14:27:47.455  INFO 32359 --- [    Test worker] com.example.tienda.GameServiceMockTest   : Started GameServiceMockTest in 4.356 seconds (JVM running for 5.411)
]]></system-out>
  <system-err><![CDATA[]]></system-err>
</testsuite>
